Selected model is a bag of 4 models. You will see that many progress bars per track.
Separated tracks will be stored in /Users/juliocesardeamorim/Desktop/teste/_demucs_temp/_work_parte1/htdemucs_ft
Separating track /Users/juliocesardeamorim/Desktop/teste/parte1.mp3
Could not load file /Users/juliocesardeamorim/Desktop/teste/parte1.mp3. Maybe it is not a supported file format? 
When trying to load using ffmpeg, got the following error: FFmpeg is not installed.
When trying to load using torchaudio, got the following error: Could not load libtorchcodec. Likely causes:
          1. FFmpeg is not properly installed in your environment. We support
             versions 4, 5, 6, 7, and 8, and we attempt to load libtorchcodec
             for each of those versions. Errors for versions not installed on
             your system are expected; only the error for your installed FFmpeg
             version is relevant. On Windows, ensure you've installed the
             "full-shared" version which ships DLLs.
          2. The PyTorch version (2.10.0) is not compatible with
             this version of TorchCodec. Refer to the version compatibility
             table:
             https://github.com/pytorch/torchcodec?tab=readme-ov-file#installing-torchcodec.
          3. Another runtime dependency; see exceptions below.

        The following exceptions were raised as we tried to load libtorchcodec:
        
[start of libtorchcodec loading traceback]
FFmpeg version 8:
Traceback (most recent call last):
  File "/Users/juliocesardeamorim/Desktop/teste/.venv/lib/python3.13/site-packages/torch/_ops.py", line 1442, in load_library
    ctypes.CDLL(path)
    ~~~~~~~~~~~^^^^^^
  File "/Library/Frameworks/Python.framework/Versions/3.13/lib/python3.13/ctypes/__init__.py", line 390, in __init__
    self._handle = _dlopen(self._name, mode)
                   ~~~~~~~^^^^^^^^^^^^^^^^^^
OSError: dlopen(/Users/juliocesardeamorim/Desktop/teste/.venv/lib/python3.13/site-packages/torchcodec/libtorchcodec_core8.dylib, 0x0006): Library not loaded: @rpath/libavutil.60.dylib
  Referenced from: <7279B81B-A90C-320A-876B-333758933189> /Users/juliocesardeamorim/Desktop/teste/.venv/lib/python3.13/site-packages/torchcodec/libtorchcodec_core8.dylib
  Reason: tried: '/opt/homebrew/opt/ffmpeg/lib/libavutil.60.dylib' (no such file), '/System/Volumes/Preboot/Cryptexes/OS/opt/homebrew/opt/ffmpeg/lib/libavutil.60.dylib' (no such file), '/opt/homebrew/opt/ffmpeg/lib/libavutil.60.dylib' (no such file), '/System/Volumes/Preboot/Cryptexes/OS/opt/homebrew/opt/ffmpeg/lib/libavutil.60.dylib' (no such file)

The above exception was the direct cause of the following exception:

Traceback (most recent call last):
  File "/Users/juliocesardeamorim/Desktop/teste/.venv/lib/python3.13/site-packages/torchcodec/_core/ops.py", line 57, in load_torchcodec_shared_libraries
    torch.ops.load_library(core_library_path)
    ~~~~~~~~~~~~~~~~~~~~~~^^^^^^^^^^^^^^^^^^^
  File "/Users/juliocesardeamorim/Desktop/teste/.venv/lib/python3.13/site-packages/torch/_ops.py", line 1444, in load_library
    raise OSError(f"Could not load this library: {path}") from e
OSError: Could not load this library: /Users/juliocesardeamorim/Desktop/teste/.venv/lib/python3.13/site-packages/torchcodec/libtorchcodec_core8.dylib

FFmpeg version 7:
Traceback (most recent call last):
  File "/Users/juliocesardeamorim/Desktop/teste/.venv/lib/python3.13/site-packages/torch/_ops.py", line 1442, in load_library
    ctypes.CDLL(path)
    ~~~~~~~~~~~^^^^^^
  File "/Library/Frameworks/Python.framework/Versions/3.13/lib/python3.13/ctypes/__init__.py", line 390, in __init__
    self._handle = _dlopen(self._name, mode)
                   ~~~~~~~^^^^^^^^^^^^^^^^^^
OSError: dlopen(/Users/juliocesardeamorim/Desktop/teste/.venv/lib/python3.13/site-packages/torchcodec/libtorchcodec_core7.dylib, 0x0006): Library not loaded: @rpath/libavutil.59.dylib
  Referenced from: <A7E0555C-E19B-3129-B99E-4A3F1A5FEB51> /Users/juliocesardeamorim/Desktop/teste/.venv/lib/python3.13/site-packages/torchcodec/libtorchcodec_core7.dylib
  Reason: tried: '/opt/homebrew/opt/ffmpeg/lib/libavutil.59.dylib' (no such file), '/System/Volumes/Preboot/Cryptexes/OS/opt/homebrew/opt/ffmpeg/lib/libavutil.59.dylib' (no such file), '/opt/homebrew/opt/ffmpeg/lib/libavutil.59.dylib' (no such file), '/System/Volumes/Preboot/Cryptexes/OS/opt/homebrew/opt/ffmpeg/lib/libavutil.59.dylib' (no such file)

The above exception was the direct cause of the following exception:

Traceback (most recent call last):
  File "/Users/juliocesardeamorim/Desktop/teste/.venv/lib/python3.13/site-packages/torchcodec/_core/ops.py", line 57, in load_torchcodec_shared_libraries
    torch.ops.load_library(core_library_path)
    ~~~~~~~~~~~~~~~~~~~~~~^^^^^^^^^^^^^^^^^^^
  File "/Users/juliocesardeamorim/Desktop/teste/.venv/lib/python3.13/site-packages/torch/_ops.py", line 1444, in load_library
    raise OSError(f"Could not load this library: {path}") from e
OSError: Could not load this library: /Users/juliocesardeamorim/Desktop/teste/.venv/lib/python3.13/site-packages/torchcodec/libtorchcodec_core7.dylib

FFmpeg version 6:
Traceback (most recent call last):
  File "/Users/juliocesardeamorim/Desktop/teste/.venv/lib/python3.13/site-packages/torch/_ops.py", line 1442, in load_library
    ctypes.CDLL(path)
    ~~~~~~~~~~~^^^^^^
  File "/Library/Frameworks/Python.framework/Versions/3.13/lib/python3.13/ctypes/__init__.py", line 390, in __init__
    self._handle = _dlopen(self._name, mode)
                   ~~~~~~~^^^^^^^^^^^^^^^^^^
OSError: dlopen(/Users/juliocesardeamorim/Desktop/teste/.venv/lib/python3.13/site-packages/torchcodec/libtorchcodec_core6.dylib, 0x0006): Library not loaded: @rpath/libavutil.58.dylib
  Referenced from: <A5B3FEB5-1F27-3A57-83D0-CBE4A25A52BA> /Users/juliocesardeamorim/Desktop/teste/.venv/lib/python3.13/site-packages/torchcodec/libtorchcodec_core6.dylib
  Reason: tried: '/opt/homebrew/opt/ffmpeg/lib/libavutil.58.dylib' (no such file), '/System/Volumes/Preboot/Cryptexes/OS/opt/homebrew/opt/ffmpeg/lib/libavutil.58.dylib' (no such file), '/opt/homebrew/opt/ffmpeg/lib/libavutil.58.dylib' (no such file), '/System/Volumes/Preboot/Cryptexes/OS/opt/homebrew/opt/ffmpeg/lib/libavutil.58.dylib' (no such file)

The above exception was the direct cause of the following exception:

Traceback (most recent call last):
  File "/Users/juliocesardeamorim/Desktop/teste/.venv/lib/python3.13/site-packages/torchcodec/_core/ops.py", line 57, in load_torchcodec_shared_libraries
    torch.ops.load_library(core_library_path)
    ~~~~~~~~~~~~~~~~~~~~~~^^^^^^^^^^^^^^^^^^^
  File "/Users/juliocesardeamorim/Desktop/teste/.venv/lib/python3.13/site-packages/torch/_ops.py", line 1444, in load_library
    raise OSError(f"Could not load this library: {path}") from e
OSError: Could not load this library: /Users/juliocesardeamorim/Desktop/teste/.venv/lib/python3.13/site-packages/torchcodec/libtorchcodec_core6.dylib

FFmpeg version 5:
Traceback (most recent call last):
  File "/Users/juliocesardeamorim/Desktop/teste/.venv/lib/python3.13/site-packages/torch/_ops.py", line 1442, in load_library
    ctypes.CDLL(path)
    ~~~~~~~~~~~^^^^^^
  File "/Library/Frameworks/Python.framework/Versions/3.13/lib/python3.13/ctypes/__init__.py", line 390, in __init__
    self._handle = _dlopen(self._name, mode)
                   ~~~~~~~^^^^^^^^^^^^^^^^^^
OSError: dlopen(/Users/juliocesardeamorim/Desktop/teste/.venv/lib/python3.13/site-packages/torchcodec/libtorchcodec_core5.dylib, 0x0006): Library not loaded: @rpath/libavutil.57.dylib
  Referenced from: <2D6A73D8-E12F-372F-AE99-E1D9FB03230E> /Users/juliocesardeamorim/Desktop/teste/.venv/lib/python3.13/site-packages/torchcodec/libtorchcodec_core5.dylib
  Reason: tried: '/opt/homebrew/opt/ffmpeg/lib/libavutil.57.dylib' (no such file), '/System/Volumes/Preboot/Cryptexes/OS/opt/homebrew/opt/ffmpeg/lib/libavutil.57.dylib' (no such file), '/opt/homebrew/opt/ffmpeg/lib/libavutil.57.dylib' (no such file), '/System/Volumes/Preboot/Cryptexes/OS/opt/homebrew/opt/ffmpeg/lib/libavutil.57.dylib' (no such file)

The above exception was the direct cause of the following exception:

Traceback (most recent call last):
  File "/Users/juliocesardeamorim/Desktop/teste/.venv/lib/python3.13/site-packages/torchcodec/_core/ops.py", line 57, in load_torchcodec_shared_libraries
    torch.ops.load_library(core_library_path)
    ~~~~~~~~~~~~~~~~~~~~~~^^^^^^^^^^^^^^^^^^^
  File "/Users/juliocesardeamorim/Desktop/teste/.venv/lib/python3.13/site-packages/torch/_ops.py", line 1444, in load_library
    raise OSError(f"Could not load this library: {path}") from e
OSError: Could not load this library: /Users/juliocesardeamorim/Desktop/teste/.venv/lib/python3.13/site-packages/torchcodec/libtorchcodec_core5.dylib

FFmpeg version 4:
Traceback (most recent call last):
  File "/Users/juliocesardeamorim/Desktop/teste/.venv/lib/python3.13/site-packages/torch/_ops.py", line 1442, in load_library
    ctypes.CDLL(path)
    ~~~~~~~~~~~^^^^^^
  File "/Library/Frameworks/Python.framework/Versions/3.13/lib/python3.13/ctypes/__init__.py", line 390, in __init__
    self._handle = _dlopen(self._name, mode)
                   ~~~~~~~^^^^^^^^^^^^^^^^^^
OSError: dlopen(/Users/juliocesardeamorim/Desktop/teste/.venv/lib/python3.13/site-packages/torchcodec/libtorchcodec_core4.dylib, 0x0006): Library not loaded: @rpath/libavutil.56.dylib
  Referenced from: <41A5A2EA-2967-3772-90F7-4FD6E5FCBA29> /Users/juliocesardeamorim/Desktop/teste/.venv/lib/python3.13/site-packages/torchcodec/libtorchcodec_core4.dylib
  Reason: tried: '/opt/homebrew/opt/ffmpeg/lib/libavutil.56.dylib' (no such file), '/System/Volumes/Preboot/Cryptexes/OS/opt/homebrew/opt/ffmpeg/lib/libavutil.56.dylib' (no such file), '/opt/homebrew/opt/ffmpeg/lib/libavutil.56.dylib' (no such file), '/System/Volumes/Preboot/Cryptexes/OS/opt/homebrew/opt/ffmpeg/lib/libavutil.56.dylib' (no such file)

The above exception was the direct cause of the following exception:

Traceback (most recent call last):
  File "/Users/juliocesardeamorim/Desktop/teste/.venv/lib/python3.13/site-packages/torchcodec/_core/ops.py", line 57, in load_torchcodec_shared_libraries
    torch.ops.load_library(core_library_path)
    ~~~~~~~~~~~~~~~~~~~~~~^^^^^^^^^^^^^^^^^^^
  File "/Users/juliocesardeamorim/Desktop/teste/.venv/lib/python3.13/site-packages/torch/_ops.py", line 1444, in load_library
    raise OSError(f"Could not load this library: {path}") from e
OSError: Could not load this library: /Users/juliocesardeamorim/Desktop/teste/.venv/lib/python3.13/site-packages/torchcodec/libtorchcodec_core4.dylib
[end of libtorchcodec loading traceback].
Falha em /Users/juliocesardeamorim/Desktop/teste/parte1.mp3: Command '['/Users/juliocesardeamorim/Desktop/teste/.venv/bin/python', '-m', 'demucs', '-n', 'htdemucs_ft', '--two-stems', 'vocals', '-o', '/Users/juliocesardeamorim/Desktop/teste/_demucs_temp/_work_parte1', '/Users/juliocesardeamorim/Desktop/teste/parte1.mp3', '-d', 'mps']' returned non-zero exit status 1.

>>> Demucs (htdemucs_ft): parte1.mp3
